[2020-07-08 17:40:57Z INFO HostContext] No proxy settings were found based on environmental variables (http_proxy/https_proxy/HTTP_PROXY/HTTPS_PROXY)
[2020-07-08 17:40:57Z INFO HostContext] Well known directory 'Bin': '/home/i00nsu/hubs/World-Cleaner/actions-runner/bin'
[2020-07-08 17:40:57Z INFO HostContext] Well known directory 'Root': '/home/i00nsu/hubs/World-Cleaner/actions-runner'
[2020-07-08 17:40:57Z INFO HostContext] Well known config file 'Credentials': '/home/i00nsu/hubs/World-Cleaner/actions-runner/.credentials'
[2020-07-08 17:40:57Z INFO Listener] Runner is built for Linux (X64) - linux-x64.
[2020-07-08 17:40:57Z INFO Listener] RuntimeInformation: Linux 5.4.0-x86_64 #9 SMP Sun Jul 5 00:31:40 WEST 2020.
[2020-07-08 17:40:57Z INFO Listener] Version: 2.169.1
[2020-07-08 17:40:57Z INFO Listener] Commit: 4f840647b375b65a4efa361abc1b84f783442de6
[2020-07-08 17:40:57Z INFO Listener] Culture: en-US
[2020-07-08 17:40:57Z INFO Listener] UI Culture: en-US
[2020-07-08 17:40:57Z INFO HostContext] Well known directory 'Bin': '/home/i00nsu/hubs/World-Cleaner/actions-runner/bin'
[2020-07-08 17:40:57Z INFO HostContext] Well known directory 'Root': '/home/i00nsu/hubs/World-Cleaner/actions-runner'
[2020-07-08 17:40:57Z INFO Listener] Validating directory permissions for: '/home/i00nsu/hubs/World-Cleaner/actions-runner'
[2020-07-08 17:40:57Z INFO CommandLineParser] Parse
[2020-07-08 17:40:57Z INFO CommandLineParser] Parsing 1 args
[2020-07-08 17:40:57Z INFO CommandLineParser] parsing argument
[2020-07-08 17:40:57Z INFO CommandLineParser] HasArgs: False
[2020-07-08 17:40:57Z INFO CommandLineParser] Adding Command: run
[2020-07-08 17:40:57Z INFO Listener] Arguments parsed
[2020-07-08 17:40:57Z INFO Runner] ExecuteCommand
[2020-07-08 17:40:57Z INFO ConfigurationStore] currentAssemblyLocation: /home/i00nsu/hubs/World-Cleaner/actions-runner/bin/Runner.Listener.dll
[2020-07-08 17:40:57Z INFO HostContext] Well known directory 'Bin': '/home/i00nsu/hubs/World-Cleaner/actions-runner/bin'
[2020-07-08 17:40:57Z INFO ConfigurationStore] binPath: /home/i00nsu/hubs/World-Cleaner/actions-runner/bin
[2020-07-08 17:40:57Z INFO HostContext] Well known directory 'Bin': '/home/i00nsu/hubs/World-Cleaner/actions-runner/bin'
[2020-07-08 17:40:57Z INFO HostContext] Well known directory 'Root': '/home/i00nsu/hubs/World-Cleaner/actions-runner'
[2020-07-08 17:40:57Z INFO ConfigurationStore] RootFolder: /home/i00nsu/hubs/World-Cleaner/actions-runner
[2020-07-08 17:40:57Z INFO HostContext] Well known directory 'Bin': '/home/i00nsu/hubs/World-Cleaner/actions-runner/bin'
[2020-07-08 17:40:57Z INFO HostContext] Well known directory 'Root': '/home/i00nsu/hubs/World-Cleaner/actions-runner'
[2020-07-08 17:40:57Z INFO HostContext] Well known config file 'Runner': '/home/i00nsu/hubs/World-Cleaner/actions-runner/.runner'
[2020-07-08 17:40:57Z INFO ConfigurationStore] ConfigFilePath: /home/i00nsu/hubs/World-Cleaner/actions-runner/.runner
[2020-07-08 17:40:57Z INFO HostContext] Well known directory 'Bin': '/home/i00nsu/hubs/World-Cleaner/actions-runner/bin'
[2020-07-08 17:40:57Z INFO HostContext] Well known directory 'Root': '/home/i00nsu/hubs/World-Cleaner/actions-runner'
[2020-07-08 17:40:57Z INFO HostContext] Well known config file 'Credentials': '/home/i00nsu/hubs/World-Cleaner/actions-runner/.credentials'
[2020-07-08 17:40:57Z INFO ConfigurationStore] CredFilePath: /home/i00nsu/hubs/World-Cleaner/actions-runner/.credentials
[2020-07-08 17:40:57Z INFO HostContext] Well known directory 'Bin': '/home/i00nsu/hubs/World-Cleaner/actions-runner/bin'
[2020-07-08 17:40:57Z INFO HostContext] Well known directory 'Root': '/home/i00nsu/hubs/World-Cleaner/actions-runner'
[2020-07-08 17:40:57Z INFO HostContext] Well known config file 'MigratedCredentials': '/home/i00nsu/hubs/World-Cleaner/actions-runner/.credentials_migrated'
[2020-07-08 17:40:57Z INFO ConfigurationStore] MigratedCredFilePath: /home/i00nsu/hubs/World-Cleaner/actions-runner/.credentials_migrated
[2020-07-08 17:40:57Z INFO HostContext] Well known directory 'Bin': '/home/i00nsu/hubs/World-Cleaner/actions-runner/bin'
[2020-07-08 17:40:57Z INFO HostContext] Well known directory 'Root': '/home/i00nsu/hubs/World-Cleaner/actions-runner'
[2020-07-08 17:40:57Z INFO HostContext] Well known config file 'Service': '/home/i00nsu/hubs/World-Cleaner/actions-runner/.service'
[2020-07-08 17:40:57Z INFO ConfigurationStore] ServiceConfigFilePath: /home/i00nsu/hubs/World-Cleaner/actions-runner/.service
[2020-07-08 17:40:57Z INFO CommandSettings] Flag 'help': 'False'
[2020-07-08 17:40:57Z INFO CommandSettings] Flag 'version': 'False'
[2020-07-08 17:40:57Z INFO CommandSettings] Flag 'commit': 'False'
[2020-07-08 17:40:57Z INFO CommandSettings] Command 'configure': 'False'
[2020-07-08 17:40:57Z INFO CommandSettings] Command 'remove': 'False'
[2020-07-08 17:40:57Z INFO CommandSettings] Command 'warmup': 'False'
[2020-07-08 17:40:57Z INFO ConfigurationManager] LoadSettings
[2020-07-08 17:40:57Z INFO ConfigurationStore] IsConfigured()
[2020-07-08 17:40:57Z INFO ConfigurationStore] IsConfigured: True
[2020-07-08 17:40:57Z INFO ConfigurationManager] Is configured: True
[2020-07-08 17:40:57Z INFO ConfigurationStore] Read setting file: 294 chars
[2020-07-08 17:40:57Z INFO ConfigurationManager] Settings Loaded
[2020-07-08 17:40:57Z INFO ConfigurationStore] IsServiceConfigured()
[2020-07-08 17:40:57Z INFO ConfigurationStore] IsServiceConfigured: False
[2020-07-08 17:40:57Z INFO CommandSettings] Command 'run': 'True'
[2020-07-08 17:40:57Z INFO ConfigurationStore] IsConfigured()
[2020-07-08 17:40:57Z INFO ConfigurationStore] IsConfigured: True
[2020-07-08 17:40:57Z INFO ConfigurationManager] Is configured: True
[2020-07-08 17:40:57Z INFO Runner] Could not parse the argument value '' for StartupType. Defaulting to Manual
[2020-07-08 17:40:57Z INFO Runner] Set runner startup type - Manual
[2020-07-08 17:40:57Z INFO CommandSettings] Flag 'once': 'False'
[2020-07-08 17:40:57Z INFO Runner] RunAsync
[2020-07-08 17:40:57Z INFO ConfigurationManager] LoadSettings
[2020-07-08 17:40:57Z INFO ConfigurationStore] IsConfigured()
[2020-07-08 17:40:57Z INFO ConfigurationStore] IsConfigured: True
[2020-07-08 17:40:57Z INFO ConfigurationManager] Is configured: True
[2020-07-08 17:40:57Z INFO ConfigurationManager] Settings Loaded
[2020-07-08 17:40:57Z INFO MessageListener] {
  "AgentId": 2,
  "AgentName": "ThinkDao",
  "PoolId": 1,
  "PoolName": "Default",
  "ServerUrl": "https://pipelines.actions.githubusercontent.com/serviceHosts/7727b67a-a97e-450e-95dc-053b13331961/",
  "GitHubUrl": "https://github.com/odicforcesounds/World-Cleaner",
  "WorkFolder": "_work"
}
[2020-07-08 17:40:57Z INFO MessageListener] Loading Credentials
[2020-07-08 17:40:57Z INFO ConfigurationStore] HasCredentials()
[2020-07-08 17:40:57Z INFO ConfigurationStore] stored True
[2020-07-08 17:40:57Z INFO CredentialManager] GetCredentialProvider
[2020-07-08 17:40:57Z INFO CredentialManager] Creating type OAuth
[2020-07-08 17:40:57Z INFO CredentialManager] Creating credential type: OAuth
[2020-07-08 17:40:57Z INFO HostContext] Well known directory 'Bin': '/home/i00nsu/hubs/World-Cleaner/actions-runner/bin'
[2020-07-08 17:40:57Z INFO HostContext] Well known directory 'Root': '/home/i00nsu/hubs/World-Cleaner/actions-runner'
[2020-07-08 17:40:57Z INFO HostContext] Well known config file 'RSACredentials': '/home/i00nsu/hubs/World-Cleaner/actions-runner/.credentials_rsaparams'
[2020-07-08 17:40:57Z INFO RSAFileKeyManager] Loading RSA key parameters from file /home/i00nsu/hubs/World-Cleaner/actions-runner/.credentials_rsaparams
[2020-07-08 17:40:57Z INFO MessageListener] Attempt to create session.
[2020-07-08 17:40:57Z INFO MessageListener] Connecting to the Runner Server...
[2020-07-08 17:40:57Z INFO RunnerServer] Establish connection with 100 seconds timeout.
[2020-07-08 17:40:57Z INFO GitHubActionsService] Starting operation Location.GetConnectionData
[2020-07-08 17:40:57Z INFO RunnerServer] Establish connection with 60 seconds timeout.
[2020-07-08 17:40:57Z INFO GitHubActionsService] Starting operation Location.GetConnectionData
[2020-07-08 17:40:57Z INFO RunnerServer] Establish connection with 60 seconds timeout.
[2020-07-08 17:40:57Z INFO GitHubActionsService] Starting operation Location.GetConnectionData
[2020-07-08 17:41:03Z INFO GitHubActionsService] Finished operation Location.GetConnectionData
[2020-07-08 17:41:03Z INFO GitHubActionsService] Finished operation Location.GetConnectionData
[2020-07-08 17:41:03Z INFO GitHubActionsService] Finished operation Location.GetConnectionData
[2020-07-08 17:41:03Z INFO GitHubActionsService] Starting operation Location.GetConnectionData
[2020-07-08 17:41:03Z INFO GitHubActionsService] Finished operation Location.GetConnectionData
[2020-07-08 17:41:03Z INFO MessageListener] VssConnection created
[2020-07-08 17:41:03Z INFO Terminal] WRITE LINE: 
[2020-07-08 17:41:03Z INFO Terminal] WRITE LINE: 
[2020-07-08 17:41:03Z WARN GitHubActionsService] Authentication failed with status code 401.
WWW-Authenticate: Bearer
Strict-Transport-Security: max-age=2592000
X-TFS-ProcessId: 02bd6c83-10ec-4f79-83ae-68d8e3a1ad45
ActivityId: d447f0a7-6329-478d-a419-96d6a45d1841
X-TFS-Session: 72ae5b79-cffc-4cec-b630-7944013a405e
X-VSS-E2EID: 00b51134-9ada-48a5-82e0-8ff81f684e0c
X-VSS-SenderDeploymentId: a07ab14e-025a-39c3-8d53-788cd7ce207f
X-TFS-ServiceError: The+user+%27System%3aPublicAccess%3baaaaaaaa-aaaa-aaaa-aaaa-aaaaaaaaaaaa%27+is+not+authorized+to+access+this+resource.
X-VSS-S2STargetService: 0000005A-0000-8888-8000-000000000000/visualstudio.com
X-MSEdge-Ref: Ref A: 6874FB9E85C548D58D947E27A3E4C74F Ref B: LIS01EDGE0308 Ref C: 2020-07-08T17:46:13Z
Date: Wed, 08 Jul 2020 17:46:12 GMT

[2020-07-08 17:41:03Z INFO RSAFileKeyManager] Loading RSA key parameters from file /home/i00nsu/hubs/World-Cleaner/actions-runner/.credentials_rsaparams
[2020-07-08 17:41:03Z INFO RSAFileKeyManager] Loading RSA key parameters from file /home/i00nsu/hubs/World-Cleaner/actions-runner/.credentials_rsaparams
[2020-07-08 17:41:09Z INFO GitHubActionsService] AAD Correlation ID for this token request: Unknown
[2020-07-08 17:41:09Z WARN GitHubActionsService] Retrieving an AAD auth token took a long time (5.6776352 seconds)
[2020-07-08 17:41:09Z INFO MessageListener] Session created.
[2020-07-08 17:41:09Z INFO MessageListener] Start checking oauth authorization url update.
[2020-07-08 17:41:09Z INFO Terminal] WRITE LINE: 2020-07-08 17:41:09Z: Listening for Jobs
[2020-07-08 17:41:09Z INFO JobDispatcher] Set runner/worker IPC timeout to 30 seconds.
[2020-07-08 17:41:24Z INFO Terminal] WRITE LINE: Exiting...
[2020-07-08 17:41:24Z INFO ConfigurationStore] IsServiceConfigured()
[2020-07-08 17:41:24Z INFO ConfigurationStore] IsServiceConfigured: False
[2020-07-08 17:41:24Z INFO HostContext] Runner will be shutdown for UserCancelled
[2020-07-08 17:41:24Z WARN GitHubActionsService] GET request to https://pipelines.actions.githubusercontent.com/serviceHosts/7727b67a-a97e-450e-95dc-053b13331961/_apis/distributedtask/pools/1/messages?sessionId=afe39564-d046-4ad5-a5ec-3fbed485b4fc has been cancelled.
[2020-07-08 17:41:24Z INFO MessageListener] Get next message has been cancelled.
[2020-07-08 17:41:24Z INFO JobDispatcher] Shutting down JobDispatcher. Make sure all WorkerDispatcher has finished.
[2020-07-08 17:41:25Z INFO Terminal] WRITE LINE: Exiting...
[2020-07-08 17:41:25Z INFO ConfigurationStore] IsServiceConfigured()
[2020-07-08 17:41:25Z INFO ConfigurationStore] IsServiceConfigured: False
[2020-07-08 17:41:25Z INFO HostContext] Runner will be shutdown for UserCancelled
[2020-07-08 17:41:26Z INFO Terminal] WRITE LINE: Exiting...
[2020-07-08 17:41:26Z INFO ConfigurationStore] IsServiceConfigured()
[2020-07-08 17:41:26Z INFO ConfigurationStore] IsServiceConfigured: False
[2020-07-08 17:41:26Z INFO HostContext] Runner will be shutdown for UserCancelled
[2020-07-08 17:41:27Z INFO Terminal] WRITE LINE: Exiting...
[2020-07-08 17:41:27Z INFO ConfigurationStore] IsServiceConfigured()
[2020-07-08 17:41:27Z INFO ConfigurationStore] IsServiceConfigured: False
[2020-07-08 17:41:27Z INFO HostContext] Runner will be shutdown for UserCancelled
[2020-07-08 17:41:27Z INFO Terminal] WRITE LINE: Exiting...
[2020-07-08 17:41:27Z INFO ConfigurationStore] IsServiceConfigured()
[2020-07-08 17:41:27Z INFO ConfigurationStore] IsServiceConfigured: False
[2020-07-08 17:41:27Z INFO HostContext] Runner will be shutdown for UserCancelled
[2020-07-08 17:41:27Z INFO Terminal] WRITE LINE: Exiting...
[2020-07-08 17:41:27Z INFO ConfigurationStore] IsServiceConfigured()
[2020-07-08 17:41:27Z INFO ConfigurationStore] IsServiceConfigured: False
[2020-07-08 17:41:27Z INFO HostContext] Runner will be shutdown for UserCancelled
