[2020-07-08 17:39:06Z INFO HostContext] No proxy settings were found based on environmental variables (http_proxy/https_proxy/HTTP_PROXY/HTTPS_PROXY)
[2020-07-08 17:39:06Z INFO HostContext] Well known directory 'Bin': '/home/i00nsu/hubs/World-Cleaner/actions-runner/bin'
[2020-07-08 17:39:06Z INFO HostContext] Well known directory 'Root': '/home/i00nsu/hubs/World-Cleaner/actions-runner'
[2020-07-08 17:39:06Z INFO HostContext] Well known config file 'Credentials': '/home/i00nsu/hubs/World-Cleaner/actions-runner/.credentials'
[2020-07-08 17:39:06Z INFO Listener] Runner is built for Linux (X64) - linux-x64.
[2020-07-08 17:39:06Z INFO Listener] RuntimeInformation: Linux 5.4.0-x86_64 #9 SMP Sun Jul 5 00:31:40 WEST 2020.
[2020-07-08 17:39:06Z INFO Listener] Version: 2.169.1
[2020-07-08 17:39:06Z INFO Listener] Commit: 4f840647b375b65a4efa361abc1b84f783442de6
[2020-07-08 17:39:06Z INFO Listener] Culture: en-US
[2020-07-08 17:39:06Z INFO Listener] UI Culture: en-US
[2020-07-08 17:39:06Z INFO HostContext] Well known directory 'Bin': '/home/i00nsu/hubs/World-Cleaner/actions-runner/bin'
[2020-07-08 17:39:06Z INFO HostContext] Well known directory 'Root': '/home/i00nsu/hubs/World-Cleaner/actions-runner'
[2020-07-08 17:39:06Z INFO Listener] Validating directory permissions for: '/home/i00nsu/hubs/World-Cleaner/actions-runner'
[2020-07-08 17:39:06Z INFO CommandLineParser] Parse
[2020-07-08 17:39:06Z INFO CommandLineParser] Parsing 5 args
[2020-07-08 17:39:06Z INFO CommandLineParser] parsing argument
[2020-07-08 17:39:06Z INFO CommandLineParser] HasArgs: False
[2020-07-08 17:39:06Z INFO CommandLineParser] Adding Command: configure
[2020-07-08 17:39:06Z INFO CommandLineParser] parsing argument
[2020-07-08 17:39:06Z INFO CommandLineParser] HasArgs: True
[2020-07-08 17:39:06Z INFO CommandLineParser] arg: url
[2020-07-08 17:39:06Z INFO CommandLineParser] parsing argument
[2020-07-08 17:39:06Z INFO CommandLineParser] HasArgs: True
[2020-07-08 17:39:06Z INFO CommandLineParser] Adding option 'url': 'https://github.com/odicforcesounds/World-Cleaner'
[2020-07-08 17:39:06Z INFO CommandLineParser] parsing argument
[2020-07-08 17:39:06Z INFO CommandLineParser] HasArgs: True
[2020-07-08 17:39:06Z INFO CommandLineParser] arg: token
[2020-07-08 17:39:06Z INFO CommandLineParser] parsing argument
[2020-07-08 17:39:06Z INFO CommandLineParser] HasArgs: True
[2020-07-08 17:39:07Z INFO CommandLineParser] Adding option 'token': '***'
[2020-07-08 17:39:07Z INFO Listener] Arguments parsed
[2020-07-08 17:39:07Z INFO Runner] ExecuteCommand
[2020-07-08 17:39:07Z INFO ConfigurationStore] currentAssemblyLocation: /home/i00nsu/hubs/World-Cleaner/actions-runner/bin/Runner.Listener.dll
[2020-07-08 17:39:07Z INFO HostContext] Well known directory 'Bin': '/home/i00nsu/hubs/World-Cleaner/actions-runner/bin'
[2020-07-08 17:39:07Z INFO ConfigurationStore] binPath: /home/i00nsu/hubs/World-Cleaner/actions-runner/bin
[2020-07-08 17:39:07Z INFO HostContext] Well known directory 'Bin': '/home/i00nsu/hubs/World-Cleaner/actions-runner/bin'
[2020-07-08 17:39:07Z INFO HostContext] Well known directory 'Root': '/home/i00nsu/hubs/World-Cleaner/actions-runner'
[2020-07-08 17:39:07Z INFO ConfigurationStore] RootFolder: /home/i00nsu/hubs/World-Cleaner/actions-runner
[2020-07-08 17:39:07Z INFO HostContext] Well known directory 'Bin': '/home/i00nsu/hubs/World-Cleaner/actions-runner/bin'
[2020-07-08 17:39:07Z INFO HostContext] Well known directory 'Root': '/home/i00nsu/hubs/World-Cleaner/actions-runner'
[2020-07-08 17:39:07Z INFO HostContext] Well known config file 'Runner': '/home/i00nsu/hubs/World-Cleaner/actions-runner/.runner'
[2020-07-08 17:39:07Z INFO ConfigurationStore] ConfigFilePath: /home/i00nsu/hubs/World-Cleaner/actions-runner/.runner
[2020-07-08 17:39:07Z INFO HostContext] Well known directory 'Bin': '/home/i00nsu/hubs/World-Cleaner/actions-runner/bin'
[2020-07-08 17:39:07Z INFO HostContext] Well known directory 'Root': '/home/i00nsu/hubs/World-Cleaner/actions-runner'
[2020-07-08 17:39:07Z INFO HostContext] Well known config file 'Credentials': '/home/i00nsu/hubs/World-Cleaner/actions-runner/.credentials'
[2020-07-08 17:39:07Z INFO ConfigurationStore] CredFilePath: /home/i00nsu/hubs/World-Cleaner/actions-runner/.credentials
[2020-07-08 17:39:07Z INFO HostContext] Well known directory 'Bin': '/home/i00nsu/hubs/World-Cleaner/actions-runner/bin'
[2020-07-08 17:39:07Z INFO HostContext] Well known directory 'Root': '/home/i00nsu/hubs/World-Cleaner/actions-runner'
[2020-07-08 17:39:07Z INFO HostContext] Well known config file 'MigratedCredentials': '/home/i00nsu/hubs/World-Cleaner/actions-runner/.credentials_migrated'
[2020-07-08 17:39:07Z INFO ConfigurationStore] MigratedCredFilePath: /home/i00nsu/hubs/World-Cleaner/actions-runner/.credentials_migrated
[2020-07-08 17:39:07Z INFO HostContext] Well known directory 'Bin': '/home/i00nsu/hubs/World-Cleaner/actions-runner/bin'
[2020-07-08 17:39:07Z INFO HostContext] Well known directory 'Root': '/home/i00nsu/hubs/World-Cleaner/actions-runner'
[2020-07-08 17:39:07Z INFO HostContext] Well known config file 'Service': '/home/i00nsu/hubs/World-Cleaner/actions-runner/.service'
[2020-07-08 17:39:07Z INFO ConfigurationStore] ServiceConfigFilePath: /home/i00nsu/hubs/World-Cleaner/actions-runner/.service
[2020-07-08 17:39:07Z INFO CommandSettings] Flag 'help': 'False'
[2020-07-08 17:39:07Z INFO CommandSettings] Flag 'version': 'False'
[2020-07-08 17:39:07Z INFO CommandSettings] Flag 'commit': 'False'
[2020-07-08 17:39:07Z INFO CommandSettings] Command 'configure': 'True'
[2020-07-08 17:39:07Z INFO Terminal] WRITE LINE: 
[2020-07-08 17:39:07Z INFO Terminal] WRITE LINE: --------------------------------------------------------------------------------
[2020-07-08 17:39:07Z INFO Terminal] WRITE LINE: |        ____ _ _   _   _       _          _        _   _                      |
[2020-07-08 17:39:07Z INFO Terminal] WRITE LINE: |       / ___(_) |_| | | |_   _| |__      / \   ___| |_(_) ___  _ __  ___      |
[2020-07-08 17:39:07Z INFO Terminal] WRITE LINE: |      | |  _| | __| |_| | | | | '_ \    / _ \ / __| __| |/ _ \| '_ \/ __|     |
[2020-07-08 17:39:07Z INFO Terminal] WRITE LINE: |      | |_| | | |_|  _  | |_| | |_) |  / ___ \ (__| |_| | (_) | | | \__ \     |
[2020-07-08 17:39:07Z INFO Terminal] WRITE LINE: |       \____|_|\__|_| |_|\__,_|_.__/  /_/   \_\___|\__|_|\___/|_| |_|___/     |
[2020-07-08 17:39:07Z INFO Terminal] WRITE LINE: |                                                                              |
[2020-07-08 17:39:07Z INFO Terminal] WRITE: |                       
[2020-07-08 17:39:07Z INFO Terminal] WRITE: Self-hosted runner registration
[2020-07-08 17:39:07Z INFO Terminal] WRITE LINE:                         |
[2020-07-08 17:39:07Z INFO Terminal] WRITE LINE: |                                                                              |
[2020-07-08 17:39:07Z INFO Terminal] WRITE LINE: --------------------------------------------------------------------------------
[2020-07-08 17:39:07Z INFO ConfigurationManager] ConfigureAsync
[2020-07-08 17:39:07Z INFO ConfigurationStore] IsConfigured()
[2020-07-08 17:39:07Z INFO ConfigurationStore] IsConfigured: False
[2020-07-08 17:39:07Z INFO ConfigurationManager] Is configured: False
[2020-07-08 17:39:07Z INFO CommandSettings] Arg 'url': 'https://github.com/odicforcesounds/World-Cleaner'
[2020-07-08 17:39:07Z INFO CommandSettings] Remove url from Arg dictionary.
[2020-07-08 17:39:07Z INFO CommandSettings] Arg 'token': '***'
[2020-07-08 17:39:07Z INFO CommandSettings] Remove token from Arg dictionary.
[2020-07-08 17:39:13Z INFO ConfigurationManager] Http response code: OK from 'POST https://api.github.com/actions/runner-registration'
[2020-07-08 17:39:13Z INFO ConfigurationManager] cred retrieved via GitHub auth
[2020-07-08 17:39:13Z INFO RunnerServer] Establish connection with 100 seconds timeout.
[2020-07-08 17:39:13Z INFO GitHubActionsService] Starting operation Location.GetConnectionData
[2020-07-08 17:39:13Z INFO RunnerServer] Establish connection with 60 seconds timeout.
[2020-07-08 17:39:13Z INFO GitHubActionsService] Starting operation Location.GetConnectionData
[2020-07-08 17:39:13Z INFO RunnerServer] Establish connection with 60 seconds timeout.
[2020-07-08 17:39:13Z INFO GitHubActionsService] Starting operation Location.GetConnectionData
[2020-07-08 17:39:19Z INFO GitHubActionsService] Finished operation Location.GetConnectionData
[2020-07-08 17:39:19Z INFO GitHubActionsService] Finished operation Location.GetConnectionData
[2020-07-08 17:39:19Z INFO GitHubActionsService] Finished operation Location.GetConnectionData
[2020-07-08 17:39:19Z INFO GitHubActionsService] Starting operation Location.GetConnectionData
[2020-07-08 17:39:25Z INFO GitHubActionsService] Finished operation Location.GetConnectionData
[2020-07-08 17:39:25Z INFO GitHubActionsService] Starting operation Location.GetConnectionData
[2020-07-08 17:39:30Z INFO GitHubActionsService] Finished operation Location.GetConnectionData
[2020-07-08 17:39:30Z INFO GitHubActionsService] Starting operation Location.GetConnectionData
[2020-07-08 17:39:30Z INFO GitHubActionsService] Finished operation Location.GetConnectionData
[2020-07-08 17:39:30Z INFO GitHubActionsService] Starting operation Location.GetConnectionData
[2020-07-08 17:39:36Z INFO GitHubActionsService] Finished operation Location.GetConnectionData
[2020-07-08 17:39:36Z INFO GitHubActionsService] Starting operation Location.GetConnectionData
[2020-07-08 17:39:36Z INFO GitHubActionsService] Finished operation Location.GetConnectionData
[2020-07-08 17:39:36Z INFO Terminal] WRITE LINE: 
[2020-07-08 17:39:36Z INFO ConfigurationManager] Test Connection complete.
[2020-07-08 17:39:36Z INFO HostContext] Well known directory 'Bin': '/home/i00nsu/hubs/World-Cleaner/actions-runner/bin'
[2020-07-08 17:39:36Z INFO HostContext] Well known directory 'Root': '/home/i00nsu/hubs/World-Cleaner/actions-runner'
[2020-07-08 17:39:36Z INFO HostContext] Well known config file 'RSACredentials': '/home/i00nsu/hubs/World-Cleaner/actions-runner/.credentials_rsaparams'
[2020-07-08 17:39:36Z INFO RSAFileKeyManager] Creating new RSA key using 2048-bit key length
[2020-07-08 17:39:36Z INFO RSAFileKeyManager] Successfully saved RSA key parameters to file /home/i00nsu/hubs/World-Cleaner/actions-runner/.credentials_rsaparams
[2020-07-08 17:39:36Z INFO RSAFileKeyManager] Which: 'chmod'
[2020-07-08 17:39:37Z INFO RSAFileKeyManager] Location: '/bin/chmod'
[2020-07-08 17:39:37Z INFO HostContext] Well known directory 'Bin': '/home/i00nsu/hubs/World-Cleaner/actions-runner/bin'
[2020-07-08 17:39:37Z INFO HostContext] Well known directory 'Root': '/home/i00nsu/hubs/World-Cleaner/actions-runner'
[2020-07-08 17:39:37Z INFO ProcessInvokerWrapper] Starting process:
[2020-07-08 17:39:37Z INFO ProcessInvokerWrapper]   File name: '/bin/chmod'
[2020-07-08 17:39:37Z INFO ProcessInvokerWrapper]   Arguments: '600 /home/i00nsu/hubs/World-Cleaner/actions-runner/.credentials_rsaparams'
[2020-07-08 17:39:37Z INFO ProcessInvokerWrapper]   Working directory: '/home/i00nsu/hubs/World-Cleaner/actions-runner'
[2020-07-08 17:39:37Z INFO ProcessInvokerWrapper]   Require exit code zero: 'False'
[2020-07-08 17:39:37Z INFO ProcessInvokerWrapper]   Encoding web name:  ; code page: ''
[2020-07-08 17:39:37Z INFO ProcessInvokerWrapper]   Force kill process on cancellation: 'False'
[2020-07-08 17:39:37Z INFO ProcessInvokerWrapper]   Redirected STDIN: 'False'
[2020-07-08 17:39:37Z INFO ProcessInvokerWrapper]   Persist current code page: 'False'
[2020-07-08 17:39:37Z INFO ProcessInvokerWrapper]   Keep redirected STDIN open: 'False'
[2020-07-08 17:39:37Z INFO ProcessInvokerWrapper]   High priority process: 'False'
[2020-07-08 17:39:37Z INFO ProcessInvokerWrapper] Failed to update oom_score_adj for PID: 5135.
[2020-07-08 17:39:37Z INFO ProcessInvokerWrapper] System.UnauthorizedAccessException: Access to the path '/proc/5135/oom_score_adj' is denied.
 ---> System.IO.IOException: Permission denied
   --- End of inner exception stack trace ---
   at Interop.ThrowExceptionForIoErrno(ErrorInfo errorInfo, String path, Boolean isDirectory, Func`2 errorRewriter)
   at Microsoft.Win32.SafeHandles.SafeFileHandle.Open(String path, OpenFlags flags, Int32 mode)
   at System.IO.FileStream.OpenHandle(FileMode mode, FileShare share, FileOptions options)
   at System.IO.FileStream..ctor(String path, FileMode mode, FileAccess access, FileShare share, Int32 bufferSize, FileOptions options)
   at System.IO.StreamWriter.ValidateArgsAndOpenPath(String path, Boolean append, Encoding encoding, Int32 bufferSize)
   at System.IO.StreamWriter..ctor(String path)
   at System.IO.File.WriteAllText(String path, String contents)
   at GitHub.Runner.Sdk.ProcessInvoker.WriteProcessOomScoreAdj(Int32 processId, Int32 oomScoreAdj)
[2020-07-08 17:39:37Z INFO ProcessInvokerWrapper] STDOUT/STDERR stream read finished.
[2020-07-08 17:39:37Z INFO ProcessInvokerWrapper] STDOUT/STDERR stream read finished.
[2020-07-08 17:39:37Z INFO ProcessInvokerWrapper] Process started with process id 5135, waiting for process exit.
[2020-07-08 17:39:37Z INFO ProcessInvokerWrapper] Finished process 5135 with exit code 0, and elapsed time 00:00:00.0155121.
[2020-07-08 17:39:37Z INFO RSAFileKeyManager] Successfully set permissions for RSA key parameters file /home/i00nsu/hubs/World-Cleaner/actions-runner/.credentials_rsaparams
[2020-07-08 17:39:37Z INFO ConfigurationManager] Found a private pool with id {1} and name {2} 1, Default
[2020-07-08 17:39:37Z INFO CommandSettings] Arg 'name': ''
[2020-07-08 17:39:37Z INFO CommandSettings] Flag 'unattended': 'False'
[2020-07-08 17:39:37Z INFO PromptManager] ReadValue
[2020-07-08 17:39:37Z INFO Terminal] WRITE: Enter the name of runner: 
[2020-07-08 17:39:37Z INFO Terminal] WRITE: [press Enter for ThinkDao] 
[2020-07-08 17:39:37Z INFO Terminal] READ LINE
[2020-07-08 17:39:52Z INFO Terminal] Read value: 'ThinkDao'
[2020-07-08 17:39:52Z INFO Terminal] WRITE LINE: 
[2020-07-08 17:39:52Z INFO CommandSettings] Arg 'labels': ''
[2020-07-08 17:39:52Z INFO CommandSettings] Flag 'unattended': 'False'
[2020-07-08 17:39:52Z INFO PromptManager] ReadValue
[2020-07-08 17:39:52Z INFO Terminal] WRITE: This runner will have the following labels: 'self-hosted', 'Linux', 'X64' 
Enter any additional labels (ex. label-1,label-2): 
[2020-07-08 17:39:52Z INFO Terminal] WRITE: [press Enter to skip] 
[2020-07-08 17:39:52Z INFO Terminal] READ LINE
[2020-07-08 17:40:00Z INFO Terminal] Read value: ''
[2020-07-08 17:40:00Z INFO Terminal] WRITE LINE: 
[2020-07-08 17:40:01Z INFO ConfigurationManager] Agent server url resolve by server: 'https://pipelines.actions.githubusercontent.com/serviceHosts/7727b67a-a97e-450e-95dc-053b13331961/'.
[2020-07-08 17:40:01Z INFO ConfigurationStore] Saving OAuth credential @ /home/i00nsu/hubs/World-Cleaner/actions-runner/.credentials
[2020-07-08 17:40:01Z INFO ConfigurationStore] Credentials Saved.
[2020-07-08 17:40:01Z INFO ConfigurationStore] HasCredentials()
[2020-07-08 17:40:01Z INFO ConfigurationStore] stored True
[2020-07-08 17:40:01Z INFO CredentialManager] GetCredentialProvider
[2020-07-08 17:40:01Z INFO CredentialManager] Creating type OAuth
[2020-07-08 17:40:01Z INFO CredentialManager] Creating credential type: OAuth
[2020-07-08 17:40:01Z INFO RSAFileKeyManager] Loading RSA key parameters from file /home/i00nsu/hubs/World-Cleaner/actions-runner/.credentials_rsaparams
[2020-07-08 17:40:01Z INFO RunnerServer] Establish connection with 100 seconds timeout.
[2020-07-08 17:40:01Z INFO GitHubActionsService] Starting operation Location.GetConnectionData
[2020-07-08 17:40:01Z INFO RunnerServer] Establish connection with 60 seconds timeout.
[2020-07-08 17:40:01Z INFO GitHubActionsService] Starting operation Location.GetConnectionData
[2020-07-08 17:40:01Z INFO RunnerServer] Establish connection with 60 seconds timeout.
[2020-07-08 17:40:01Z INFO GitHubActionsService] Starting operation Location.GetConnectionData
[2020-07-08 17:40:07Z INFO GitHubActionsService] Finished operation Location.GetConnectionData
[2020-07-08 17:40:07Z INFO GitHubActionsService] Finished operation Location.GetConnectionData
[2020-07-08 17:40:07Z INFO GitHubActionsService] Finished operation Location.GetConnectionData
[2020-07-08 17:40:07Z WARN GitHubActionsService] Authentication failed with status code 401.
WWW-Authenticate: Bearer
Strict-Transport-Security: max-age=2592000
X-TFS-ProcessId: 4076eb17-e49c-47b3-b4ca-ba87d9709b5e
ActivityId: e74cca01-c944-47fb-9c39-94d89850b93a
X-TFS-Session: 3372bec6-a74d-48a2-85fd-164185074268
X-VSS-E2EID: 656cd19c-6613-41ee-9ce6-13ca459bcb22
X-VSS-SenderDeploymentId: a07ab14e-025a-39c3-8d53-788cd7ce207f
X-TFS-ServiceError: The+user+%27System%3aPublicAccess%3baaaaaaaa-aaaa-aaaa-aaaa-aaaaaaaaaaaa%27+is+not+authorized+to+access+this+resource.
X-VSS-S2STargetService: 0000005A-0000-8888-8000-000000000000/visualstudio.com
X-MSEdge-Ref: Ref A: 7124DAD73E5D4A3EACF6C78EE96876DC Ref B: LIS01EDGE0316 Ref C: 2020-07-08T17:45:16Z
Date: Wed, 08 Jul 2020 17:45:16 GMT

[2020-07-08 17:40:07Z INFO RSAFileKeyManager] Loading RSA key parameters from file /home/i00nsu/hubs/World-Cleaner/actions-runner/.credentials_rsaparams
[2020-07-08 17:40:07Z INFO RSAFileKeyManager] Loading RSA key parameters from file /home/i00nsu/hubs/World-Cleaner/actions-runner/.credentials_rsaparams
[2020-07-08 17:40:12Z INFO GitHubActionsService] AAD Correlation ID for this token request: Unknown
[2020-07-08 17:40:12Z WARN GitHubActionsService] Retrieving an AAD auth token took a long time (5.7161649 seconds)
[2020-07-08 17:40:13Z INFO CommandSettings] Arg 'work': ''
[2020-07-08 17:40:13Z INFO CommandSettings] Flag 'unattended': 'False'
[2020-07-08 17:40:13Z INFO PromptManager] ReadValue
[2020-07-08 17:40:13Z INFO Terminal] WRITE: Enter name of work folder: 
[2020-07-08 17:40:13Z INFO Terminal] WRITE: [press Enter for _work] 
[2020-07-08 17:40:13Z INFO Terminal] READ LINE
[2020-07-08 17:40:28Z INFO Terminal] Read value: ''
[2020-07-08 17:40:28Z INFO PromptManager] Falling back to the default: '_work'
[2020-07-08 17:40:28Z INFO ConfigurationStore] Saving runner settings.
[2020-07-08 17:40:28Z INFO ConfigurationStore] Settings Saved.
[2020-07-08 17:40:28Z INFO Terminal] WRITE LINE: 
[2020-07-08 17:40:28Z INFO Terminal] WRITE LINE: 
[2020-07-08 17:40:28Z INFO SystemDControlManager] Service name 'actions.runner.odicforcesounds-World-Cleaner.ThinkDao.service' display name 'GitHub Actions Runner (odicforcesounds-World-Cleaner.ThinkDao)' will be used for service configuration.
[2020-07-08 17:40:28Z INFO HostContext] Well known directory 'Bin': '/home/i00nsu/hubs/World-Cleaner/actions-runner/bin'
[2020-07-08 17:40:28Z INFO HostContext] Well known directory 'Root': '/home/i00nsu/hubs/World-Cleaner/actions-runner'
[2020-07-08 17:40:28Z INFO HostContext] Well known directory 'Bin': '/home/i00nsu/hubs/World-Cleaner/actions-runner/bin'
[2020-07-08 17:40:28Z INFO HostContext] Well known directory 'Bin': '/home/i00nsu/hubs/World-Cleaner/actions-runner/bin'
[2020-07-08 17:40:28Z INFO HostContext] Well known directory 'Root': '/home/i00nsu/hubs/World-Cleaner/actions-runner'
[2020-07-08 17:40:28Z INFO UnixUtil] Which: 'chmod'
[2020-07-08 17:40:28Z INFO UnixUtil] Location: '/bin/chmod'
[2020-07-08 17:40:28Z INFO UnixUtil] Running /bin/chmod 755 "/home/i00nsu/hubs/World-Cleaner/actions-runner/svc.sh"
[2020-07-08 17:40:28Z INFO ProcessInvokerWrapper] Starting process:
[2020-07-08 17:40:28Z INFO ProcessInvokerWrapper]   File name: '/bin/chmod'
[2020-07-08 17:40:28Z INFO ProcessInvokerWrapper]   Arguments: '755 "/home/i00nsu/hubs/World-Cleaner/actions-runner/svc.sh"'
[2020-07-08 17:40:28Z INFO ProcessInvokerWrapper]   Working directory: '/home/i00nsu/hubs/World-Cleaner/actions-runner'
[2020-07-08 17:40:28Z INFO ProcessInvokerWrapper]   Require exit code zero: 'True'
[2020-07-08 17:40:28Z INFO ProcessInvokerWrapper]   Encoding web name:  ; code page: ''
[2020-07-08 17:40:28Z INFO ProcessInvokerWrapper]   Force kill process on cancellation: 'False'
[2020-07-08 17:40:28Z INFO ProcessInvokerWrapper]   Redirected STDIN: 'False'
[2020-07-08 17:40:28Z INFO ProcessInvokerWrapper]   Persist current code page: 'False'
[2020-07-08 17:40:28Z INFO ProcessInvokerWrapper]   Keep redirected STDIN open: 'False'
[2020-07-08 17:40:28Z INFO ProcessInvokerWrapper]   High priority process: 'False'
[2020-07-08 17:40:28Z INFO ProcessInvokerWrapper] Updated oom_score_adj to 500 for PID: 5832.
[2020-07-08 17:40:28Z INFO ProcessInvokerWrapper] Process started with process id 5832, waiting for process exit.
[2020-07-08 17:40:28Z INFO ProcessInvokerWrapper] STDOUT/STDERR stream read finished.
[2020-07-08 17:40:28Z INFO ProcessInvokerWrapper] STDOUT/STDERR stream read finished.
[2020-07-08 17:40:28Z INFO ProcessInvokerWrapper] Finished process 5832 with exit code 0, and elapsed time 00:00:00.0025267.
